C51 COMPILER V9.52.0.0   DISPLAY                                                           10/02/2019 15:44:23 PAGE 1   


C51 COMPILER V9.52.0.0, COMPILATION OF MODULE DISPLAY
OBJECT MODULE PLACED IN .\obj\display.obj
COMPILER INVOKED BY: d:\Keil\C51\BIN\C51.EXE src\display.c BROWSE INCDIR(.\inc;.\lib) DEBUG OBJECTEXTEND PRINT(.\list\di
                    -splay.lst) TABS(2) OBJECT(.\obj\display.obj)

line level    source

   1          
   2          /*
   3           *  display.c
   4           *  Kit Shaw
   5           *  2019/10/02
   6           */
   7           
   8          
   9          void display_init(void)
  10          //
  11          { 
  12   1      
  13   1      }
  14          
  15          void display_task(void)
  16          //10ms调用一次
  17          {
  18   1          
  19   1      }
  20          
  21          
  22          


MODULE INFORMATION:   STATIC OVERLAYABLE
   CODE SIZE        =      2    ----
   CONSTANT SIZE    =   ----    ----
   XDATA SIZE       =   ----    ----
   PDATA SIZE       =   ----    ----
   DATA SIZE        =   ----    ----
   IDATA SIZE       =   ----    ----
   BIT SIZE         =   ----    ----
END OF MODULE INFORMATION.


C51 COMPILATION COMPLETE.  0 WARNING(S),  0 ERROR(S)
